<?xml version="1.0" encoding="UTF-8"?>
<!-- Generated by org.testng.reporters.JUnitReportReporter -->
<testsuite skipped="0" hostname="Lenovo-Ideapad" name="com.abc.magento.MagentoApp" tests="2" failures="0" timestamp="25 Sep 2018 14:59:54 GMT" time="95.497" errors="0">
  <testcase name="posCredentials1" time="37.313" classname="com.abc.magento.MagentoApp"/>
  <testcase name="posCredentials2" time="58.184" classname="com.abc.magento.MagentoApp"/>
</testsuite> <!-- com.abc.magento.MagentoApp -->
